<?xml version="1.0" encoding="UTF-8"?>
<!-- Generated by org.testng.reporters.JUnitReportReporter -->
<testsuite skipped="0" hostname="DESKTOP-656T72Q" name="com.jenkins.com.JenkinsDemo" tests="1" failures="0" timestamp="24 Feb 2020 05:40:46 GMT" time="0.021" errors="0">
  <testcase name="demo1" time="0.021" classname="com.jenkins.com.JenkinsDemo"/>
</testsuite> <!-- com.jenkins.com.JenkinsDemo -->
